{"/home/knoldus/angularKIP-CRUD/test/add.test.ctrl.js":{"path":"/home/knoldus/angularKIP-CRUD/test/add.test.ctrl.js","s":{"1":1,"2":0,"3":0,"4":0,"5":0,"6":0,"7":0,"8":0,"9":0,"10":0,"11":0,"12":0,"13":0,"14":0,"15":0,"16":0,"17":0,"18":1,"19":0,"20":0,"21":0,"22":0,"23":0,"24":0,"25":0},"b":{},"f":{"1":0,"2":0,"3":0,"4":0,"5":0,"6":0,"7":0,"8":0},"fnMap":{"1":{"name":"(anonymous_1)","line":1,"loc":{"start":{"line":1,"column":20},"end":{"line":1,"column":31}}},"2":{"name":"(anonymous_2)","line":8,"loc":{"start":{"line":8,"column":22},"end":{"line":8,"column":100}}},"3":{"name":"(anonymous_3)","line":18,"loc":{"start":{"line":18,"column":42},"end":{"line":18,"column":53}}},"4":{"name":"(anonymous_4)","line":25,"loc":{"start":{"line":25,"column":38},"end":{"line":25,"column":49}}},"5":{"name":"(anonymous_5)","line":27,"loc":{"start":{"line":27,"column":97},"end":{"line":27,"column":107}}},"6":{"name":"Response","line":28,"loc":{"start":{"line":28,"column":16},"end":{"line":28,"column":35}}},"7":{"name":"(anonymous_7)","line":31,"loc":{"start":{"line":31,"column":44},"end":{"line":31,"column":58}}},"8":{"name":"(anonymous_8)","line":35,"loc":{"start":{"line":35,"column":42},"end":{"line":35,"column":56}}}},"statementMap":{"1":{"start":{"line":1,"column":0},"end":{"line":45,"column":3}},"2":{"start":{"line":3,"column":4},"end":{"line":3,"column":32}},"3":{"start":{"line":4,"column":4},"end":{"line":4,"column":36}},"4":{"start":{"line":5,"column":4},"end":{"line":5,"column":94}},"5":{"start":{"line":8,"column":4},"end":{"line":16,"column":8}},"6":{"start":{"line":9,"column":8},"end":{"line":9,"column":37}},"7":{"start":{"line":10,"column":8},"end":{"line":10,"column":41}},"8":{"start":{"line":11,"column":8},"end":{"line":11,"column":29}},"9":{"start":{"line":12,"column":8},"end":{"line":12,"column":38}},"10":{"start":{"line":13,"column":8},"end":{"line":13,"column":25}},"11":{"start":{"line":14,"column":8},"end":{"line":14,"column":39}},"12":{"start":{"line":15,"column":8},"end":{"line":15,"column":140}},"13":{"start":{"line":18,"column":4},"end":{"line":21,"column":7}},"14":{"start":{"line":20,"column":8},"end":{"line":20,"column":42}},"15":{"start":{"line":25,"column":8},"end":{"line":42,"column":11}},"16":{"start":{"line":26,"column":12},"end":{"line":26,"column":35}},"17":{"start":{"line":27,"column":12},"end":{"line":38,"column":15}},"18":{"start":{"line":28,"column":16},"end":{"line":30,"column":17}},"19":{"start":{"line":31,"column":16},"end":{"line":34,"column":18}},"20":{"start":{"line":32,"column":20},"end":{"line":32,"column":27}},"21":{"start":{"line":33,"column":20},"end":{"line":33,"column":42}},"22":{"start":{"line":35,"column":16},"end":{"line":36,"column":18}},"23":{"start":{"line":37,"column":16},"end":{"line":37,"column":38}},"24":{"start":{"line":39,"column":12},"end":{"line":39,"column":36}},"25":{"start":{"line":40,"column":12},"end":{"line":40,"column":62}}},"branchMap":{}}}